\BOOKMARK [1][-]{section*.1}{Erklaerung der Eigenstaendigkeit der Arbeit}{}% 1
\BOOKMARK [1][-]{section.1}{Zusammenfassung des Projektergebnisses}{}% 2
\BOOKMARK [2][-]{subsection.1.1}{Kurzfassung /Abstract}{section.1}% 3
\BOOKMARK [3][-]{subsubsection.1.1.1}{Alexander Beiser}{subsection.1.1}% 4
\BOOKMARK [3][-]{subsubsection.1.1.2}{Marcel Huber}{subsection.1.1}% 5
\BOOKMARK [2][-]{subsection.1.2}{Projektergebnis}{section.1}% 6
\BOOKMARK [1][-]{section.2}{Lizenz:}{}% 7
\BOOKMARK [1][-]{section.1}{Einleitung}{}% 8
\BOOKMARK [1][-]{section.2}{Vertiefende Aufgabenstellung}{}% 9
\BOOKMARK [2][-]{subsection.2.1}{Alexander Beiser}{section.2}% 10
\BOOKMARK [2][-]{subsection.2.2}{Marcel Huber}{section.2}% 11
\BOOKMARK [1][-]{section.3}{Schach, eine Erkl\344rung}{}% 12
\BOOKMARK [2][-]{subsection.3.1}{Was ist Schach?}{section.3}% 13
\BOOKMARK [2][-]{subsection.3.2}{Spielregeln:}{section.3}% 14
\BOOKMARK [3][-]{subsubsection.3.2.1}{Zugregel Bauer:}{subsection.3.2}% 15
\BOOKMARK [3][-]{subsubsection.3.2.2}{Zugregel Springer:}{subsection.3.2}% 16
\BOOKMARK [3][-]{subsubsection.3.2.3}{Zugregel L\344ufer:}{subsection.3.2}% 17
\BOOKMARK [3][-]{subsubsection.3.2.4}{Zugregel Turm:}{subsection.3.2}% 18
\BOOKMARK [3][-]{subsubsection.3.2.5}{Zugregel Dame:}{subsection.3.2}% 19
\BOOKMARK [3][-]{subsubsection.3.2.6}{Zugregel K\366nig:}{subsection.3.2}% 20
\BOOKMARK [2][-]{subsection.3.3}{Schachmaschinen:}{section.3}% 21
\BOOKMARK [1][-]{section.4}{Java Chess}{}% 22
\BOOKMARK [2][-]{subsection.4.1}{Einf\374hrung:}{section.4}% 23
\BOOKMARK [2][-]{subsection.4.2}{Java Chess - \334bersicht}{section.4}% 24
\BOOKMARK [3][-]{subsubsection.4.2.1}{Blockschaltbild}{subsection.4.2}% 25
\BOOKMARK [3][-]{subsubsection.4.2.2}{Initialisierung}{subsection.4.2}% 26
\BOOKMARK [2][-]{subsection.4.3}{Repr\344sentation der Figuren:}{section.4}% 27
\BOOKMARK [2][-]{subsection.4.4}{Zugmechanik und Local-Mode}{section.4}% 28
\BOOKMARK [3][-]{subsubsection.4.4.1}{Die Move Klasse - Funktion}{subsection.4.4}% 29
\BOOKMARK [3][-]{subsubsection.4.4.2}{Die Move Klasse - Code}{subsection.4.4}% 30
\BOOKMARK [2][-]{subsection.4.5}{Schach und Schachmatt Abfrage:}{section.4}% 31
\BOOKMARK [3][-]{subsubsection.4.5.1}{Schach}{subsection.4.5}% 32
\BOOKMARK [3][-]{subsubsection.4.5.2}{Schachmatt}{subsection.4.5}% 33
\BOOKMARK [3][-]{subsubsection.4.5.3}{Schachking}{subsection.4.5}% 34
\BOOKMARK [2][-]{subsection.4.6}{LAN-Mode}{section.4}% 35
\BOOKMARK [2][-]{subsection.4.7}{AI-Mode}{section.4}% 36
\BOOKMARK [3][-]{subsubsection.4.7.1}{Prinzipielle Moeglichkeiten einer AI}{subsection.4.7}% 37
\BOOKMARK [3][-]{subsubsection.4.7.2}{Verwendete Schach-AI-Funktion}{subsection.4.7}% 38
\BOOKMARK [3][-]{subsubsection.4.7.3}{Der MinMax-Algorithmus:}{subsection.4.7}% 39
\BOOKMARK [3][-]{subsubsection.4.7.4}{Code}{subsection.4.7}% 40
\BOOKMARK [1][-]{section.5}{Fertigungsdokumentation}{}% 41
\BOOKMARK [1][-]{section.6}{Benutzerdokumentation}{}% 42
\BOOKMARK [2][-]{subsection.6.1}{Installationsanleitung}{section.6}% 43
\BOOKMARK [2][-]{subsection.6.2}{Anwendungsbeispiele}{section.6}% 44
\BOOKMARK [2][-]{subsection.6.3}{Referenzhandbuch}{section.6}% 45
\BOOKMARK [2][-]{subsection.6.4}{Fehlermeldungen und Hinweise auf Fehlerursachen}{section.6}% 46
\BOOKMARK [1][-]{section.1}{Abbildungsverzeichnis}{}% 47
\BOOKMARK [1][-]{section.2}{Tabellenverzeichnis}{}% 48
\BOOKMARK [1][-]{section.3}{Literaturverzeichnis}{}% 49
\BOOKMARK [1][-]{appendix.F}{Pflichtenheft}{}% 50
\BOOKMARK [2][-]{subsection.F.1}{Funktionale Anforderungen}{appendix.F}% 51
\BOOKMARK [2][-]{subsection.F.2}{Schnittstellen}{appendix.F}% 52
\BOOKMARK [2][-]{subsection.F.3}{Abnahmekriterien}{appendix.F}% 53
\BOOKMARK [2][-]{subsection.F.4}{Dokumentationsanforderungen}{appendix.F}% 54
\BOOKMARK [2][-]{subsection.F.5}{Qualit\344tsstandards}{appendix.F}% 55
\BOOKMARK [2][-]{subsection.F.6}{Abwicklungsprozess}{appendix.F}% 56
\BOOKMARK [1][-]{appendix.G}{Zusammenfassung}{}% 57
\BOOKMARK [2][-]{subsection.G.1}{Schlussfolgerung / Projekterfahrung}{appendix.G}% 58
\BOOKMARK [2][-]{subsection.G.2}{Projektterminplanung}{appendix.G}% 59
\BOOKMARK [2][-]{subsection.G.3}{Projektpersonalplanung und Kostenplanung}{appendix.G}% 60
\BOOKMARK [3][-]{subsubsection.G.3.1}{Projektkostenplan}{subsection.G.3}% 61
\BOOKMARK [3][-]{subsubsection.G.3.2}{Arbeitsnachweis Diplomarbeit}{subsection.G.3}% 62
\BOOKMARK [4][-]{section*.4}{tealTabelle 1: Arbeitsaufstellung}{subsubsection.G.3.2}% 63
\BOOKMARK [3][-]{subsubsection.G.3.3}{Leistungscontrolling}{subsection.G.3}% 64
\BOOKMARK [4][-]{section*.5}{Abzugeben sind:}{subsubsection.G.3.3}% 65
